# JRE version: OpenJDK Runtime Environment Homebrew (21.0.7) (build 21.0.7)
# Java VM: OpenJDK 64-Bit Server VM Homebrew (21.0.7, mixed mode, sharing, tiered, compressed oops, compressed class ptrs, g1 gc, bsd-aarch64)
GC Precious Log:
 CardTable entry size: 512
 Card Set container configuration: InlinePtr #cards 4 size 8 Array Of Cards #cards 32 size 80 Howl #buckets 8 coarsen threshold 7372 Howl Bitmap #cards 1024 size 144 coarsen threshold 921 Card regions per heap region 1 cards per card region 8192
 CPUs: 10 total, 10 available
 Memory: 24576M
 Large Page Support: Disabled
 NUMA Support: Disabled
 Compressed Oops: Enabled (Zero based)
 Heap Region Size: 4M
 Heap Min Capacity: 8M
 Heap Initial Capacity: 384M
 Heap Max Capacity: 6G
 Pre-touch: Disabled
 Parallel Workers: 9
 Concurrent Workers: 2
 Concurrent Refinement Workers: 9
 Periodic GC: Disabled
Heap:
 garbage-first heap   total 372736K, used 175914K [0x0000000680000000, 0x0000000800000000)
  region size 4096K, 15 young (61440K), 1 survivors (4096K)
 Metaspace       used 48623K, committed 49152K, reserved 1114112K
  class space    used 5291K, committed 5504K, reserved 1048576K
GC Heap History (20 events):
Event: 2.270 GC heap before
{Heap before GC invocations=6 (full 0):
 garbage-first heap   total 65536K, used 12317K [0x0000000680000000, 0x0000000800000000)
  region size 4096K, 2 young (8192K), 1 survivors (4096K)
 Metaspace       used 36078K, committed 36480K, reserved 1114112K
  class space    used 3868K, committed 4032K, reserved 1048576K
}
Event: 2.271 GC heap after
{Heap after GC invocations=7 (full 0):
 garbage-first heap   total 65536K, used 12439K [0x0000000680000000, 0x0000000800000000)
  region size 4096K, 1 young (4096K), 1 survivors (4096K)
 Metaspace       used 36078K, committed 36480K, reserved 1114112K
  class space    used 3868K, committed 4032K, reserved 1048576K
}
Event: 2.376 GC heap before
{Heap before GC invocations=8 (full 0):
 garbage-first heap   total 57344K, used 41111K [0x0000000680000000, 0x0000000800000000)
  region size 4096K, 9 young (36864K), 1 survivors (4096K)
 Metaspace       used 42264K, committed 42688K, reserved 1114112K
  class space    used 4651K, committed 4800K, reserved 1048576K
}
Event: 2.378 GC heap after
{Heap after GC invocations=9 (full 0):
 garbage-first heap   total 57344K, used 14835K [0x0000000680000000, 0x0000000800000000)
  region size 4096K, 2 young (8192K), 2 survivors (8192K)
 Metaspace       used 42264K, committed 42688K, reserved 1114112K
  class space    used 4651K, committed 4800K, reserved 1048576K
}
Event: 2.418 GC heap before
{Heap before GC invocations=9 (full 0):
 garbage-first heap   total 57344K, used 35315K [0x0000000680000000, 0x0000000800000000)
  region size 4096K, 8 young (32768K), 2 survivors (8192K)
 Metaspace       used 42308K, committed 42752K, reserved 1114112K
  class space    used 4651K, committed 4800K, reserved 1048576K
}
Event: 2.420 GC heap after
{Heap after GC invocations=10 (full 0):
 garbage-first heap   total 225280K, used 15646K [0x0000000680000000, 0x0000000800000000)
  region size 4096K, 1 young (4096K), 1 survivors (4096K)
 Metaspace       used 42308K, committed 42752K, reserved 1114112K
  class space    used 4651K, committed 4800K, reserved 1048576K
}
Event: 2.468 GC heap before
{Heap before GC invocations=10 (full 0):
 garbage-first heap   total 225280K, used 89374K [0x0000000680000000, 0x0000000800000000)
  region size 4096K, 5 young (20480K), 1 survivors (4096K)
 Metaspace       used 42309K, committed 42752K, reserved 1114112K
  class space    used 4651K, committed 4800K, reserved 1048576K
}
Event: 2.469 GC heap after
{Heap after GC invocations=11 (full 0):
 garbage-first heap   total 225280K, used 16249K [0x0000000680000000, 0x0000000800000000)
  region size 4096K, 1 young (4096K), 1 survivors (4096K)
 Metaspace       used 42309K, committed 42752K, reserved 1114112K
  class space    used 4651K, committed 4800K, reserved 1048576K
}
Event: 2.479 GC heap before
{Heap before GC invocations=11 (full 0):
 garbage-first heap   total 225280K, used 81785K [0x0000000680000000, 0x0000000800000000)
  region size 4096K, 2 young (8192K), 1 survivors (4096K)
 Metaspace       used 42309K, committed 42752K, reserved 1114112K
  class space    used 4651K, committed 4800K, reserved 1048576K
}
Event: 2.480 GC heap after
{Heap after GC invocations=12 (full 0):
 garbage-first heap   total 225280K, used 48944K [0x0000000680000000, 0x0000000800000000)
  region size 4096K, 1 young (4096K), 1 survivors (4096K)
 Metaspace       used 42309K, committed 42752K, reserved 1114112K
  class space    used 4651K, committed 4800K, reserved 1048576K
}
Event: 2.482 GC heap before
{Heap before GC invocations=12 (full 0):
 garbage-first heap   total 225280K, used 114480K [0x0000000680000000, 0x0000000800000000)
  region size 4096K, 2 young (8192K), 1 survivors (4096K)
 Metaspace       used 42309K, committed 42752K, reserved 1114112K
  class space    used 4651K, committed 4800K, reserved 1048576K
}
Event: 2.482 GC heap after
{Heap after GC invocations=13 (full 0):
 garbage-first heap   total 225280K, used 16169K [0x0000000680000000, 0x0000000800000000)
  region size 4096K, 1 young (4096K), 1 survivors (4096K)
 Metaspace       used 42309K, committed 42752K, reserved 1114112K
  class space    used 4651K, committed 4800K, reserved 1048576K
}
Event: 2.486 GC heap before
{Heap before GC invocations=13 (full 0):
 garbage-first heap   total 225280K, used 81705K [0x0000000680000000, 0x0000000800000000)
  region size 4096K, 2 young (8192K), 1 survivors (4096K)
 Metaspace       used 42309K, committed 42752K, reserved 1114112K
  class space    used 4651K, committed 4800K, reserved 1048576K
}
Event: 2.486 GC heap after
{Heap after GC invocations=14 (full 0):
 garbage-first heap   total 372736K, used 48923K [0x0000000680000000, 0x0000000800000000)
  region size 4096K, 1 young (4096K), 1 survivors (4096K)
 Metaspace       used 42309K, committed 42752K, reserved 1114112K
  class space    used 4651K, committed 4800K, reserved 1048576K
}
Event: 2.493 GC heap before
{Heap before GC invocations=14 (full 0):
 garbage-first heap   total 372736K, used 159515K [0x0000000680000000, 0x0000000800000000)
  region size 4096K, 2 young (8192K), 1 survivors (4096K)
 Metaspace       used 42309K, committed 42752K, reserved 1114112K
  class space    used 4651K, committed 4800K, reserved 1048576K
}
Event: 2.493 GC heap after
{Heap after GC invocations=15 (full 0):
 garbage-first heap   total 372736K, used 16181K [0x0000000680000000, 0x0000000800000000)
  region size 4096K, 1 young (4096K), 1 survivors (4096K)
 Metaspace       used 42309K, committed 42752K, reserved 1114112K
  class space    used 4651K, committed 4800K, reserved 1048576K
}
Event: 2.499 GC heap before
{Heap before GC invocations=15 (full 0):
 garbage-first heap   total 372736K, used 130869K [0x0000000680000000, 0x0000000800000000)
  region size 4096K, 2 young (8192K), 1 survivors (4096K)
 Metaspace       used 42309K, committed 42752K, reserved 1114112K
  class space    used 4651K, committed 4800K, reserved 1048576K
}
Event: 2.499 GC heap after
{Heap after GC invocations=16 (full 0):
 garbage-first heap   total 372736K, used 40728K [0x0000000680000000, 0x0000000800000000)
  region size 4096K, 1 young (4096K), 1 survivors (4096K)
 Metaspace       used 42309K, committed 42752K, reserved 1114112K
  class space    used 4651K, committed 4800K, reserved 1048576K
}
Event: 2.503 GC heap before
{Heap before GC invocations=16 (full 0):
 garbage-first heap   total 372736K, used 134936K [0x0000000680000000, 0x0000000800000000)
  region size 4096K, 2 young (8192K), 1 survivors (4096K)
 Metaspace       used 42309K, committed 42752K, reserved 1114112K
  class space    used 4651K, committed 4800K, reserved 1048576K
}
Event: 2.504 GC heap after
{Heap after GC invocations=17 (full 0):
 garbage-first heap   total 372736K, used 40746K [0x0000000680000000, 0x0000000800000000)
  region size 4096K, 1 young (4096K), 1 survivors (4096K)
 Metaspace       used 42309K, committed 42752K, reserved 1114112K
  class space    used 4651K, committed 4800K, reserved 1048576K
}

