# JRE version: OpenJDK Runtime Environment Homebrew (21.0.7) (build 21.0.7)
# Java VM: OpenJDK 64-Bit Server VM Homebrew (21.0.7, mixed mode, sharing, tiered, compressed oops, compressed class ptrs, g1 gc, bsd-aarch64)
GC Precious Log:
 CardTable entry size: 512
 Card Set container configuration: InlinePtr #cards 4 size 8 Array Of Cards #cards 32 size 80 Howl #buckets 8 coarsen threshold 7372 Howl Bitmap #cards 1024 size 144 coarsen threshold 921 Card regions per heap region 1 cards per card region 8192
 CPUs: 10 total, 10 available
 Memory: 24576M
 Large Page Support: Disabled
 NUMA Support: Disabled
 Compressed Oops: Enabled (Zero based)
 Heap Region Size: 4M
 Heap Min Capacity: 8M
 Heap Initial Capacity: 384M
 Heap Max Capacity: 6G
 Pre-touch: Disabled
 Parallel Workers: 9
 Concurrent Workers: 2
 Concurrent Refinement Workers: 9
 Periodic GC: Disabled
Heap:
 garbage-first heap   total 380928K, used 180636K [0x0000000680000000, 0x0000000800000000)
  region size 4096K, 16 young (65536K), 1 survivors (4096K)
 Metaspace       used 48909K, committed 49472K, reserved 1114112K
  class space    used 5318K, committed 5568K, reserved 1048576K
GC Heap History (20 events):
Event: 2.867 GC heap before
{Heap before GC invocations=6 (full 0):
 garbage-first heap   total 65536K, used 13083K [0x0000000680000000, 0x0000000800000000)
  region size 4096K, 2 young (8192K), 1 survivors (4096K)
 Metaspace       used 36148K, committed 36608K, reserved 1114112K
  class space    used 3870K, committed 4096K, reserved 1048576K
}
Event: 2.868 GC heap after
{Heap after GC invocations=7 (full 0):
 garbage-first heap   total 65536K, used 13155K [0x0000000680000000, 0x0000000800000000)
  region size 4096K, 1 young (4096K), 1 survivors (4096K)
 Metaspace       used 36148K, committed 36608K, reserved 1114112K
  class space    used 3870K, committed 4096K, reserved 1048576K
}
Event: 2.979 GC heap before
{Heap before GC invocations=8 (full 0):
 garbage-first heap   total 57344K, used 45923K [0x0000000680000000, 0x0000000800000000)
  region size 4096K, 9 young (36864K), 1 survivors (4096K)
 Metaspace       used 42355K, committed 42880K, reserved 1114112K
  class space    used 4654K, committed 4864K, reserved 1048576K
}
Event: 2.981 GC heap after
{Heap after GC invocations=9 (full 0):
 garbage-first heap   total 57344K, used 15494K [0x0000000680000000, 0x0000000800000000)
  region size 4096K, 2 young (8192K), 2 survivors (8192K)
 Metaspace       used 42355K, committed 42880K, reserved 1114112K
  class space    used 4654K, committed 4864K, reserved 1048576K
}
Event: 3.055 GC heap before
{Heap before GC invocations=9 (full 0):
 garbage-first heap   total 57344K, used 35974K [0x0000000680000000, 0x0000000800000000)
  region size 4096K, 8 young (32768K), 2 survivors (8192K)
 Metaspace       used 42400K, committed 42944K, reserved 1114112K
  class space    used 4654K, committed 4864K, reserved 1048576K
}
Event: 3.057 GC heap after
{Heap after GC invocations=10 (full 0):
 garbage-first heap   total 225280K, used 15981K [0x0000000680000000, 0x0000000800000000)
  region size 4096K, 1 young (4096K), 1 survivors (4096K)
 Metaspace       used 42400K, committed 42944K, reserved 1114112K
  class space    used 4654K, committed 4864K, reserved 1048576K
}
Event: 3.154 GC heap before
{Heap before GC invocations=10 (full 0):
 garbage-first heap   total 225280K, used 93805K [0x0000000680000000, 0x0000000800000000)
  region size 4096K, 5 young (20480K), 1 survivors (4096K)
 Metaspace       used 42406K, committed 42944K, reserved 1114112K
  class space    used 4654K, committed 4864K, reserved 1048576K
}
Event: 3.155 GC heap after
{Heap after GC invocations=11 (full 0):
 garbage-first heap   total 225280K, used 16798K [0x0000000680000000, 0x0000000800000000)
  region size 4096K, 1 young (4096K), 1 survivors (4096K)
 Metaspace       used 42406K, committed 42944K, reserved 1114112K
  class space    used 4654K, committed 4864K, reserved 1048576K
}
Event: 3.168 GC heap before
{Heap before GC invocations=11 (full 0):
 garbage-first heap   total 225280K, used 82334K [0x0000000680000000, 0x0000000800000000)
  region size 4096K, 2 young (8192K), 1 survivors (4096K)
 Metaspace       used 42415K, committed 42944K, reserved 1114112K
  class space    used 4654K, committed 4864K, reserved 1048576K
}
Event: 3.169 GC heap after
{Heap after GC invocations=12 (full 0):
 garbage-first heap   total 225280K, used 49546K [0x0000000680000000, 0x0000000800000000)
  region size 4096K, 1 young (4096K), 1 survivors (4096K)
 Metaspace       used 42415K, committed 42944K, reserved 1114112K
  class space    used 4654K, committed 4864K, reserved 1048576K
}
Event: 3.172 GC heap before
{Heap before GC invocations=12 (full 0):
 garbage-first heap   total 225280K, used 115082K [0x0000000680000000, 0x0000000800000000)
  region size 4096K, 2 young (8192K), 1 survivors (4096K)
 Metaspace       used 42420K, committed 42944K, reserved 1114112K
  class space    used 4654K, committed 4864K, reserved 1048576K
}
Event: 3.172 GC heap after
{Heap after GC invocations=13 (full 0):
 garbage-first heap   total 225280K, used 16749K [0x0000000680000000, 0x0000000800000000)
  region size 4096K, 1 young (4096K), 1 survivors (4096K)
 Metaspace       used 42420K, committed 42944K, reserved 1114112K
  class space    used 4654K, committed 4864K, reserved 1048576K
}
Event: 3.177 GC heap before
{Heap before GC invocations=13 (full 0):
 garbage-first heap   total 225280K, used 82285K [0x0000000680000000, 0x0000000800000000)
  region size 4096K, 2 young (8192K), 1 survivors (4096K)
 Metaspace       used 42420K, committed 42944K, reserved 1114112K
  class space    used 4654K, committed 4864K, reserved 1048576K
}
Event: 3.177 GC heap after
{Heap after GC invocations=14 (full 0):
 garbage-first heap   total 225280K, used 49486K [0x0000000680000000, 0x0000000800000000)
  region size 4096K, 1 young (4096K), 1 survivors (4096K)
 Metaspace       used 42420K, committed 42944K, reserved 1114112K
  class space    used 4654K, committed 4864K, reserved 1048576K
}
Event: 3.180 GC heap before
{Heap before GC invocations=14 (full 0):
 garbage-first heap   total 225280K, used 115022K [0x0000000680000000, 0x0000000800000000)
  region size 4096K, 2 young (8192K), 1 survivors (4096K)
 Metaspace       used 42420K, committed 42944K, reserved 1114112K
  class space    used 4654K, committed 4864K, reserved 1048576K
}
Event: 3.180 GC heap after
{Heap after GC invocations=15 (full 0):
 garbage-first heap   total 380928K, used 16758K [0x0000000680000000, 0x0000000800000000)
  region size 4096K, 1 young (4096K), 1 survivors (4096K)
 Metaspace       used 42420K, committed 42944K, reserved 1114112K
  class space    used 4654K, committed 4864K, reserved 1048576K
}
Event: 3.200 GC heap before
{Heap before GC invocations=15 (full 0):
 garbage-first heap   total 380928K, used 151926K [0x0000000680000000, 0x0000000800000000)
  region size 4096K, 2 young (8192K), 1 survivors (4096K)
 Metaspace       used 42420K, committed 42944K, reserved 1114112K
  class space    used 4654K, committed 4864K, reserved 1048576K
}
Event: 3.201 GC heap after
{Heap after GC invocations=16 (full 0):
 garbage-first heap   total 380928K, used 41343K [0x0000000680000000, 0x0000000800000000)
  region size 4096K, 1 young (4096K), 1 survivors (4096K)
 Metaspace       used 42420K, committed 42944K, reserved 1114112K
  class space    used 4654K, committed 4864K, reserved 1048576K
}
Event: 3.212 GC heap before
{Heap before GC invocations=16 (full 0):
 garbage-first heap   total 380928K, used 160127K [0x0000000680000000, 0x0000000800000000)
  region size 4096K, 2 young (8192K), 1 survivors (4096K)
 Metaspace       used 42436K, committed 42944K, reserved 1114112K
  class space    used 4656K, committed 4864K, reserved 1048576K
}
Event: 3.212 GC heap after
{Heap after GC invocations=17 (full 0):
 garbage-first heap   total 380928K, used 41372K [0x0000000680000000, 0x0000000800000000)
  region size 4096K, 1 young (4096K), 1 survivors (4096K)
 Metaspace       used 42436K, committed 42944K, reserved 1114112K
  class space    used 4656K, committed 4864K, reserved 1048576K
}

